Gathering metrics for issue: BDR in test.log
2025-02-10 10:00:00 ERROR: could not connect to the BDR node
2025-02-10 10:00:05 INFO: Retrying connection to BDR node
2025-02-10 10:00:10 ERROR: connection to BDR node timed out
2025-02-10 10:00:15 INFO: BDR node connection established
2025-02-10 10:05:00 WARNING: BDR version mismatch detected
2025-02-10 10:05:05 INFO: Upgrading BDR version
2025-02-10 10:05:10 ERROR: failed to apply BDR upgrade
2025-02-10 10:10:00 INFO: BDR upgrade successful
2025-02-10 10:15:00 ERROR: conflict detected during replication
2025-02-10 10:15:05 INFO: Resolving replication conflict
2025-02-10 10:20:00 ERROR: invalid BDR configuration
2025-02-10 10:20:05 INFO: Correcting BDR configuration
2025-02-10 10:25:00 ERROR: out of worker processes
2025-02-10 10:25:05 INFO: Increasing worker processes
2025-02-10 10:30:00 ERROR: could not create replication slot
2025-02-10 10:30:05 INFO: Adjusting replication slots
2025-02-10 10:35:00 ERROR: logical decoding error
2025-02-10 10:35:05 INFO: Correcting logical decoding settings
2025-02-10 10:40:00 ERROR: WAL sender/receiver timeout
2025-02-10 10:40:05 INFO: Adjusting WAL sender/receiver timeout settings
2025-02-10 10:45:00 INFO: BDR node synchronization complete
2025-02-10 10:50:00 ERROR: could not connect to the BDR node
2025-02-10 10:50:05 INFO: Retrying connection to BDR node
2025-02-10 10:50:10 ERROR: connection to BDR node timed out
2025-02-10 10:50:15 INFO: BDR node connection established
2025-02-10 10:55:00 WARNING: BDR version mismatch detected
2025-02-10 10:55:05 INFO: Upgrading BDR version
2025-02-10 10:55:10 ERROR: failed to apply BDR upgrade
2025-02-10 11:00:00 INFO: BDR upgrade successful
2025-02-10 11:05:00 ERROR: conflict detected during replication
2025-02-10 11:05:05 INFO: Resolving replication conflict
2025-02-10 11:10:00 ERROR: invalid BDR configuration
2025-02-10 11:10:05 INFO: Correcting BDR configuration
2025-02-10 11:15:00 ERROR: out of worker processes
2025-02-10 11:15:05 INFO: Increasing worker processes
2025-02-10 11:20:00 ERROR: could not create replication slot
2025-02-10 11:20:05 INFO: Adjusting replication slots
2025-02-10 11:25:00 ERROR: logical decoding error
2025-02-10 11:25:05 INFO: Correcting logical decoding settings
2025-02-10 11:30:00 ERROR: WAL sender/receiver timeout
2025-02-10 11:30:05 INFO: Adjusting WAL sender/receiver timeout settings
2025-02-10 11:35:00 INFO: BDR node synchronization complete
----------------------------------------
Issue: BDR, Count: 22
Gathering metrics for issue: could not connect to the BDR node in test.log
2025-02-10 10:00:00 ERROR: could not connect to the BDR node
2025-02-10 10:00:05 INFO: Retrying connection to BDR node
2025-02-10 10:00:10 ERROR: connection to BDR node timed out
2025-02-10 10:00:15 INFO: BDR node connection established
2025-02-10 10:05:00 WARNING: BDR version mismatch detected
2025-02-10 10:05:05 INFO: Upgrading BDR version
2025-02-10 10:05:10 ERROR: failed to apply BDR upgrade
2025-02-10 10:10:00 INFO: BDR upgrade successful
2025-02-10 10:15:00 ERROR: conflict detected during replication
2025-02-10 10:15:05 INFO: Resolving replication conflict
2025-02-10 10:20:00 ERROR: invalid BDR configuration
2025-02-10 10:20:05 INFO: Correcting BDR configuration
2025-02-10 10:25:00 ERROR: out of worker processes
2025-02-10 10:25:05 INFO: Increasing worker processes
2025-02-10 10:30:00 ERROR: could not create replication slot
2025-02-10 10:30:05 INFO: Adjusting replication slots
2025-02-10 10:35:00 ERROR: logical decoding error
2025-02-10 10:35:05 INFO: Correcting logical decoding settings
2025-02-10 10:40:00 ERROR: WAL sender/receiver timeout
2025-02-10 10:40:05 INFO: Adjusting WAL sender/receiver timeout settings
2025-02-10 10:45:00 INFO: BDR node synchronization complete
2025-02-10 10:50:00 ERROR: could not connect to the BDR node
2025-02-10 10:50:05 INFO: Retrying connection to BDR node
2025-02-10 10:50:10 ERROR: connection to BDR node timed out
2025-02-10 10:50:15 INFO: BDR node connection established
2025-02-10 10:55:00 WARNING: BDR version mismatch detected
2025-02-10 10:55:05 INFO: Upgrading BDR version
2025-02-10 10:55:10 ERROR: failed to apply BDR upgrade
2025-02-10 11:00:00 INFO: BDR upgrade successful
2025-02-10 11:05:00 ERROR: conflict detected during replication
2025-02-10 11:05:05 INFO: Resolving replication conflict
2025-02-10 11:10:00 ERROR: invalid BDR configuration
----------------------------------------
Issue: could not connect to the BDR node, Count: 2
Gathering metrics for issue: connection to BDR node timed out in test.log
2025-02-10 10:00:00 ERROR: could not connect to the BDR node
2025-02-10 10:00:05 INFO: Retrying connection to BDR node
2025-02-10 10:00:10 ERROR: connection to BDR node timed out
2025-02-10 10:00:15 INFO: BDR node connection established
2025-02-10 10:05:00 WARNING: BDR version mismatch detected
2025-02-10 10:05:05 INFO: Upgrading BDR version
2025-02-10 10:05:10 ERROR: failed to apply BDR upgrade
2025-02-10 10:10:00 INFO: BDR upgrade successful
2025-02-10 10:15:00 ERROR: conflict detected during replication
2025-02-10 10:15:05 INFO: Resolving replication conflict
2025-02-10 10:20:00 ERROR: invalid BDR configuration
2025-02-10 10:20:05 INFO: Correcting BDR configuration
2025-02-10 10:25:00 ERROR: out of worker processes
2025-02-10 10:25:05 INFO: Increasing worker processes
2025-02-10 10:30:00 ERROR: could not create replication slot
2025-02-10 10:30:05 INFO: Adjusting replication slots
2025-02-10 10:35:00 ERROR: logical decoding error
2025-02-10 10:35:05 INFO: Correcting logical decoding settings
2025-02-10 10:40:00 ERROR: WAL sender/receiver timeout
2025-02-10 10:40:05 INFO: Adjusting WAL sender/receiver timeout settings
2025-02-10 10:45:00 INFO: BDR node synchronization complete
2025-02-10 10:50:00 ERROR: could not connect to the BDR node
2025-02-10 10:50:05 INFO: Retrying connection to BDR node
2025-02-10 10:50:10 ERROR: connection to BDR node timed out
2025-02-10 10:50:15 INFO: BDR node connection established
2025-02-10 10:55:00 WARNING: BDR version mismatch detected
2025-02-10 10:55:05 INFO: Upgrading BDR version
2025-02-10 10:55:10 ERROR: failed to apply BDR upgrade
2025-02-10 11:00:00 INFO: BDR upgrade successful
2025-02-10 11:05:00 ERROR: conflict detected during replication
2025-02-10 11:05:05 INFO: Resolving replication conflict
2025-02-10 11:10:00 ERROR: invalid BDR configuration
2025-02-10 11:10:05 INFO: Correcting BDR configuration
2025-02-10 11:15:00 ERROR: out of worker processes
----------------------------------------
Issue: connection to BDR node timed out, Count: 2
Gathering metrics for issue: BDR version mismatch detected in test.log
2025-02-10 10:00:00 ERROR: could not connect to the BDR node
2025-02-10 10:00:05 INFO: Retrying connection to BDR node
2025-02-10 10:00:10 ERROR: connection to BDR node timed out
2025-02-10 10:00:15 INFO: BDR node connection established
2025-02-10 10:05:00 WARNING: BDR version mismatch detected
2025-02-10 10:05:05 INFO: Upgrading BDR version
2025-02-10 10:05:10 ERROR: failed to apply BDR upgrade
2025-02-10 10:10:00 INFO: BDR upgrade successful
2025-02-10 10:15:00 ERROR: conflict detected during replication
2025-02-10 10:15:05 INFO: Resolving replication conflict
2025-02-10 10:20:00 ERROR: invalid BDR configuration
2025-02-10 10:20:05 INFO: Correcting BDR configuration
2025-02-10 10:25:00 ERROR: out of worker processes
2025-02-10 10:25:05 INFO: Increasing worker processes
2025-02-10 10:30:00 ERROR: could not create replication slot
2025-02-10 10:30:05 INFO: Adjusting replication slots
2025-02-10 10:35:00 ERROR: logical decoding error
2025-02-10 10:35:05 INFO: Correcting logical decoding settings
2025-02-10 10:40:00 ERROR: WAL sender/receiver timeout
2025-02-10 10:40:05 INFO: Adjusting WAL sender/receiver timeout settings
2025-02-10 10:45:00 INFO: BDR node synchronization complete
2025-02-10 10:50:00 ERROR: could not connect to the BDR node
2025-02-10 10:50:05 INFO: Retrying connection to BDR node
2025-02-10 10:50:10 ERROR: connection to BDR node timed out
2025-02-10 10:50:15 INFO: BDR node connection established
2025-02-10 10:55:00 WARNING: BDR version mismatch detected
2025-02-10 10:55:05 INFO: Upgrading BDR version
2025-02-10 10:55:10 ERROR: failed to apply BDR upgrade
2025-02-10 11:00:00 INFO: BDR upgrade successful
2025-02-10 11:05:00 ERROR: conflict detected during replication
2025-02-10 11:05:05 INFO: Resolving replication conflict
2025-02-10 11:10:00 ERROR: invalid BDR configuration
2025-02-10 11:10:05 INFO: Correcting BDR configuration
2025-02-10 11:15:00 ERROR: out of worker processes
2025-02-10 11:15:05 INFO: Increasing worker processes
2025-02-10 11:20:00 ERROR: could not create replication slot
----------------------------------------
Issue: BDR version mismatch detected, Count: 2
Gathering metrics for issue: failed to apply BDR upgrade in test.log
2025-02-10 10:00:00 ERROR: could not connect to the BDR node
2025-02-10 10:00:05 INFO: Retrying connection to BDR node
2025-02-10 10:00:10 ERROR: connection to BDR node timed out
2025-02-10 10:00:15 INFO: BDR node connection established
2025-02-10 10:05:00 WARNING: BDR version mismatch detected
2025-02-10 10:05:05 INFO: Upgrading BDR version
2025-02-10 10:05:10 ERROR: failed to apply BDR upgrade
2025-02-10 10:10:00 INFO: BDR upgrade successful
2025-02-10 10:15:00 ERROR: conflict detected during replication
2025-02-10 10:15:05 INFO: Resolving replication conflict
2025-02-10 10:20:00 ERROR: invalid BDR configuration
2025-02-10 10:20:05 INFO: Correcting BDR configuration
2025-02-10 10:25:00 ERROR: out of worker processes
2025-02-10 10:25:05 INFO: Increasing worker processes
2025-02-10 10:30:00 ERROR: could not create replication slot
2025-02-10 10:30:05 INFO: Adjusting replication slots
2025-02-10 10:35:00 ERROR: logical decoding error
2025-02-10 10:35:05 INFO: Correcting logical decoding settings
2025-02-10 10:40:00 ERROR: WAL sender/receiver timeout
2025-02-10 10:40:05 INFO: Adjusting WAL sender/receiver timeout settings
2025-02-10 10:45:00 INFO: BDR node synchronization complete
2025-02-10 10:50:00 ERROR: could not connect to the BDR node
2025-02-10 10:50:05 INFO: Retrying connection to BDR node
2025-02-10 10:50:10 ERROR: connection to BDR node timed out
2025-02-10 10:50:15 INFO: BDR node connection established
2025-02-10 10:55:00 WARNING: BDR version mismatch detected
2025-02-10 10:55:05 INFO: Upgrading BDR version
2025-02-10 10:55:10 ERROR: failed to apply BDR upgrade
2025-02-10 11:00:00 INFO: BDR upgrade successful
2025-02-10 11:05:00 ERROR: conflict detected during replication
2025-02-10 11:05:05 INFO: Resolving replication conflict
2025-02-10 11:10:00 ERROR: invalid BDR configuration
2025-02-10 11:10:05 INFO: Correcting BDR configuration
2025-02-10 11:15:00 ERROR: out of worker processes
2025-02-10 11:15:05 INFO: Increasing worker processes
2025-02-10 11:20:00 ERROR: could not create replication slot
2025-02-10 11:20:05 INFO: Adjusting replication slots
2025-02-10 11:25:00 ERROR: logical decoding error
----------------------------------------
Issue: failed to apply BDR upgrade, Count: 2
Gathering metrics for issue: conflict detected during replication in test.log
2025-02-10 10:00:00 ERROR: could not connect to the BDR node
2025-02-10 10:00:05 INFO: Retrying connection to BDR node
2025-02-10 10:00:10 ERROR: connection to BDR node timed out
2025-02-10 10:00:15 INFO: BDR node connection established
2025-02-10 10:05:00 WARNING: BDR version mismatch detected
2025-02-10 10:05:05 INFO: Upgrading BDR version
2025-02-10 10:05:10 ERROR: failed to apply BDR upgrade
2025-02-10 10:10:00 INFO: BDR upgrade successful
2025-02-10 10:15:00 ERROR: conflict detected during replication
2025-02-10 10:15:05 INFO: Resolving replication conflict
2025-02-10 10:20:00 ERROR: invalid BDR configuration
2025-02-10 10:20:05 INFO: Correcting BDR configuration
2025-02-10 10:25:00 ERROR: out of worker processes
2025-02-10 10:25:05 INFO: Increasing worker processes
2025-02-10 10:30:00 ERROR: could not create replication slot
2025-02-10 10:30:05 INFO: Adjusting replication slots
2025-02-10 10:35:00 ERROR: logical decoding error
2025-02-10 10:35:05 INFO: Correcting logical decoding settings
2025-02-10 10:40:00 ERROR: WAL sender/receiver timeout
2025-02-10 10:40:05 INFO: Adjusting WAL sender/receiver timeout settings
2025-02-10 10:45:00 INFO: BDR node synchronization complete
2025-02-10 10:50:00 ERROR: could not connect to the BDR node
2025-02-10 10:50:05 INFO: Retrying connection to BDR node
2025-02-10 10:50:10 ERROR: connection to BDR node timed out
2025-02-10 10:50:15 INFO: BDR node connection established
2025-02-10 10:55:00 WARNING: BDR version mismatch detected
2025-02-10 10:55:05 INFO: Upgrading BDR version
2025-02-10 10:55:10 ERROR: failed to apply BDR upgrade
2025-02-10 11:00:00 INFO: BDR upgrade successful
2025-02-10 11:05:00 ERROR: conflict detected during replication
2025-02-10 11:05:05 INFO: Resolving replication conflict
2025-02-10 11:10:00 ERROR: invalid BDR configuration
2025-02-10 11:10:05 INFO: Correcting BDR configuration
2025-02-10 11:15:00 ERROR: out of worker processes
2025-02-10 11:15:05 INFO: Increasing worker processes
2025-02-10 11:20:00 ERROR: could not create replication slot
2025-02-10 11:20:05 INFO: Adjusting replication slots
2025-02-10 11:25:00 ERROR: logical decoding error
2025-02-10 11:25:05 INFO: Correcting logical decoding settings
2025-02-10 11:30:00 ERROR: WAL sender/receiver timeout
----------------------------------------
Issue: conflict detected during replication, Count: 2
Gathering metrics for issue: invalid BDR configuration in test.log
2025-02-10 10:00:00 ERROR: could not connect to the BDR node
2025-02-10 10:00:05 INFO: Retrying connection to BDR node
2025-02-10 10:00:10 ERROR: connection to BDR node timed out
2025-02-10 10:00:15 INFO: BDR node connection established
2025-02-10 10:05:00 WARNING: BDR version mismatch detected
2025-02-10 10:05:05 INFO: Upgrading BDR version
2025-02-10 10:05:10 ERROR: failed to apply BDR upgrade
2025-02-10 10:10:00 INFO: BDR upgrade successful
2025-02-10 10:15:00 ERROR: conflict detected during replication
2025-02-10 10:15:05 INFO: Resolving replication conflict
2025-02-10 10:20:00 ERROR: invalid BDR configuration
2025-02-10 10:20:05 INFO: Correcting BDR configuration
2025-02-10 10:25:00 ERROR: out of worker processes
2025-02-10 10:25:05 INFO: Increasing worker processes
2025-02-10 10:30:00 ERROR: could not create replication slot
2025-02-10 10:30:05 INFO: Adjusting replication slots
2025-02-10 10:35:00 ERROR: logical decoding error
2025-02-10 10:35:05 INFO: Correcting logical decoding settings
2025-02-10 10:40:00 ERROR: WAL sender/receiver timeout
2025-02-10 10:40:05 INFO: Adjusting WAL sender/receiver timeout settings
2025-02-10 10:45:00 INFO: BDR node synchronization complete
2025-02-10 10:50:00 ERROR: could not connect to the BDR node
2025-02-10 10:50:05 INFO: Retrying connection to BDR node
2025-02-10 10:50:10 ERROR: connection to BDR node timed out
2025-02-10 10:50:15 INFO: BDR node connection established
2025-02-10 10:55:00 WARNING: BDR version mismatch detected
2025-02-10 10:55:05 INFO: Upgrading BDR version
2025-02-10 10:55:10 ERROR: failed to apply BDR upgrade
2025-02-10 11:00:00 INFO: BDR upgrade successful
2025-02-10 11:05:00 ERROR: conflict detected during replication
2025-02-10 11:05:05 INFO: Resolving replication conflict
2025-02-10 11:10:00 ERROR: invalid BDR configuration
2025-02-10 11:10:05 INFO: Correcting BDR configuration
2025-02-10 11:15:00 ERROR: out of worker processes
2025-02-10 11:15:05 INFO: Increasing worker processes
2025-02-10 11:20:00 ERROR: could not create replication slot
2025-02-10 11:20:05 INFO: Adjusting replication slots
2025-02-10 11:25:00 ERROR: logical decoding error
2025-02-10 11:25:05 INFO: Correcting logical decoding settings
2025-02-10 11:30:00 ERROR: WAL sender/receiver timeout
2025-02-10 11:30:05 INFO: Adjusting WAL sender/receiver timeout settings
2025-02-10 11:35:00 INFO: BDR node synchronization complete
----------------------------------------
Issue: invalid BDR configuration, Count: 2
Gathering metrics for issue: out of worker processes in test.log
2025-02-10 10:00:10 ERROR: connection to BDR node timed out
2025-02-10 10:00:15 INFO: BDR node connection established
2025-02-10 10:05:00 WARNING: BDR version mismatch detected
2025-02-10 10:05:05 INFO: Upgrading BDR version
2025-02-10 10:05:10 ERROR: failed to apply BDR upgrade
2025-02-10 10:10:00 INFO: BDR upgrade successful
2025-02-10 10:15:00 ERROR: conflict detected during replication
2025-02-10 10:15:05 INFO: Resolving replication conflict
2025-02-10 10:20:00 ERROR: invalid BDR configuration
2025-02-10 10:20:05 INFO: Correcting BDR configuration
2025-02-10 10:25:00 ERROR: out of worker processes
2025-02-10 10:25:05 INFO: Increasing worker processes
2025-02-10 10:30:00 ERROR: could not create replication slot
2025-02-10 10:30:05 INFO: Adjusting replication slots
2025-02-10 10:35:00 ERROR: logical decoding error
2025-02-10 10:35:05 INFO: Correcting logical decoding settings
2025-02-10 10:40:00 ERROR: WAL sender/receiver timeout
2025-02-10 10:40:05 INFO: Adjusting WAL sender/receiver timeout settings
2025-02-10 10:45:00 INFO: BDR node synchronization complete
2025-02-10 10:50:00 ERROR: could not connect to the BDR node
2025-02-10 10:50:05 INFO: Retrying connection to BDR node
2025-02-10 10:50:10 ERROR: connection to BDR node timed out
2025-02-10 10:50:15 INFO: BDR node connection established
2025-02-10 10:55:00 WARNING: BDR version mismatch detected
2025-02-10 10:55:05 INFO: Upgrading BDR version
2025-02-10 10:55:10 ERROR: failed to apply BDR upgrade
2025-02-10 11:00:00 INFO: BDR upgrade successful
2025-02-10 11:05:00 ERROR: conflict detected during replication
2025-02-10 11:05:05 INFO: Resolving replication conflict
2025-02-10 11:10:00 ERROR: invalid BDR configuration
2025-02-10 11:10:05 INFO: Correcting BDR configuration
2025-02-10 11:15:00 ERROR: out of worker processes
2025-02-10 11:15:05 INFO: Increasing worker processes
2025-02-10 11:20:00 ERROR: could not create replication slot
2025-02-10 11:20:05 INFO: Adjusting replication slots
2025-02-10 11:25:00 ERROR: logical decoding error
2025-02-10 11:25:05 INFO: Correcting logical decoding settings
2025-02-10 11:30:00 ERROR: WAL sender/receiver timeout
2025-02-10 11:30:05 INFO: Adjusting WAL sender/receiver timeout settings
2025-02-10 11:35:00 INFO: BDR node synchronization complete
----------------------------------------
Issue: out of worker processes, Count: 2
Gathering metrics for issue: could not create replication slot in test.log
2025-02-10 10:05:00 WARNING: BDR version mismatch detected
2025-02-10 10:05:05 INFO: Upgrading BDR version
2025-02-10 10:05:10 ERROR: failed to apply BDR upgrade
2025-02-10 10:10:00 INFO: BDR upgrade successful
2025-02-10 10:15:00 ERROR: conflict detected during replication
2025-02-10 10:15:05 INFO: Resolving replication conflict
2025-02-10 10:20:00 ERROR: invalid BDR configuration
2025-02-10 10:20:05 INFO: Correcting BDR configuration
2025-02-10 10:25:00 ERROR: out of worker processes
2025-02-10 10:25:05 INFO: Increasing worker processes
2025-02-10 10:30:00 ERROR: could not create replication slot
2025-02-10 10:30:05 INFO: Adjusting replication slots
2025-02-10 10:35:00 ERROR: logical decoding error
2025-02-10 10:35:05 INFO: Correcting logical decoding settings
2025-02-10 10:40:00 ERROR: WAL sender/receiver timeout
2025-02-10 10:40:05 INFO: Adjusting WAL sender/receiver timeout settings
2025-02-10 10:45:00 INFO: BDR node synchronization complete
2025-02-10 10:50:00 ERROR: could not connect to the BDR node
2025-02-10 10:50:05 INFO: Retrying connection to BDR node
2025-02-10 10:50:10 ERROR: connection to BDR node timed out
2025-02-10 10:50:15 INFO: BDR node connection established
2025-02-10 10:55:00 WARNING: BDR version mismatch detected
2025-02-10 10:55:05 INFO: Upgrading BDR version
2025-02-10 10:55:10 ERROR: failed to apply BDR upgrade
2025-02-10 11:00:00 INFO: BDR upgrade successful
2025-02-10 11:05:00 ERROR: conflict detected during replication
2025-02-10 11:05:05 INFO: Resolving replication conflict
2025-02-10 11:10:00 ERROR: invalid BDR configuration
2025-02-10 11:10:05 INFO: Correcting BDR configuration
2025-02-10 11:15:00 ERROR: out of worker processes
2025-02-10 11:15:05 INFO: Increasing worker processes
2025-02-10 11:20:00 ERROR: could not create replication slot
2025-02-10 11:20:05 INFO: Adjusting replication slots
2025-02-10 11:25:00 ERROR: logical decoding error
2025-02-10 11:25:05 INFO: Correcting logical decoding settings
2025-02-10 11:30:00 ERROR: WAL sender/receiver timeout
2025-02-10 11:30:05 INFO: Adjusting WAL sender/receiver timeout settings
2025-02-10 11:35:00 INFO: BDR node synchronization complete
----------------------------------------
Issue: could not create replication slot, Count: 2
Gathering metrics for issue: logical decoding error in test.log
2025-02-10 10:05:10 ERROR: failed to apply BDR upgrade
2025-02-10 10:10:00 INFO: BDR upgrade successful
2025-02-10 10:15:00 ERROR: conflict detected during replication
2025-02-10 10:15:05 INFO: Resolving replication conflict
2025-02-10 10:20:00 ERROR: invalid BDR configuration
2025-02-10 10:20:05 INFO: Correcting BDR configuration
2025-02-10 10:25:00 ERROR: out of worker processes
2025-02-10 10:25:05 INFO: Increasing worker processes
2025-02-10 10:30:00 ERROR: could not create replication slot
2025-02-10 10:30:05 INFO: Adjusting replication slots
2025-02-10 10:35:00 ERROR: logical decoding error
2025-02-10 10:35:05 INFO: Correcting logical decoding settings
2025-02-10 10:40:00 ERROR: WAL sender/receiver timeout
2025-02-10 10:40:05 INFO: Adjusting WAL sender/receiver timeout settings
2025-02-10 10:45:00 INFO: BDR node synchronization complete
2025-02-10 10:50:00 ERROR: could not connect to the BDR node
2025-02-10 10:50:05 INFO: Retrying connection to BDR node
2025-02-10 10:50:10 ERROR: connection to BDR node timed out
2025-02-10 10:50:15 INFO: BDR node connection established
2025-02-10 10:55:00 WARNING: BDR version mismatch detected
2025-02-10 10:55:05 INFO: Upgrading BDR version
2025-02-10 10:55:10 ERROR: failed to apply BDR upgrade
2025-02-10 11:00:00 INFO: BDR upgrade successful
2025-02-10 11:05:00 ERROR: conflict detected during replication
2025-02-10 11:05:05 INFO: Resolving replication conflict
2025-02-10 11:10:00 ERROR: invalid BDR configuration
2025-02-10 11:10:05 INFO: Correcting BDR configuration
2025-02-10 11:15:00 ERROR: out of worker processes
2025-02-10 11:15:05 INFO: Increasing worker processes
2025-02-10 11:20:00 ERROR: could not create replication slot
2025-02-10 11:20:05 INFO: Adjusting replication slots
2025-02-10 11:25:00 ERROR: logical decoding error
2025-02-10 11:25:05 INFO: Correcting logical decoding settings
2025-02-10 11:30:00 ERROR: WAL sender/receiver timeout
2025-02-10 11:30:05 INFO: Adjusting WAL sender/receiver timeout settings
2025-02-10 11:35:00 INFO: BDR node synchronization complete
----------------------------------------
Issue: logical decoding error, Count: 2
Gathering metrics for issue: WAL sender/receiver timeout in test.log
2025-02-10 10:15:00 ERROR: conflict detected during replication
2025-02-10 10:15:05 INFO: Resolving replication conflict
2025-02-10 10:20:00 ERROR: invalid BDR configuration
2025-02-10 10:20:05 INFO: Correcting BDR configuration
2025-02-10 10:25:00 ERROR: out of worker processes
2025-02-10 10:25:05 INFO: Increasing worker processes
2025-02-10 10:30:00 ERROR: could not create replication slot
2025-02-10 10:30:05 INFO: Adjusting replication slots
2025-02-10 10:35:00 ERROR: logical decoding error
2025-02-10 10:35:05 INFO: Correcting logical decoding settings
2025-02-10 10:40:00 ERROR: WAL sender/receiver timeout
2025-02-10 10:40:05 INFO: Adjusting WAL sender/receiver timeout settings
2025-02-10 10:45:00 INFO: BDR node synchronization complete
2025-02-10 10:50:00 ERROR: could not connect to the BDR node
2025-02-10 10:50:05 INFO: Retrying connection to BDR node
2025-02-10 10:50:10 ERROR: connection to BDR node timed out
2025-02-10 10:50:15 INFO: BDR node connection established
2025-02-10 10:55:00 WARNING: BDR version mismatch detected
2025-02-10 10:55:05 INFO: Upgrading BDR version
2025-02-10 10:55:10 ERROR: failed to apply BDR upgrade
2025-02-10 11:00:00 INFO: BDR upgrade successful
2025-02-10 11:05:00 ERROR: conflict detected during replication
2025-02-10 11:05:05 INFO: Resolving replication conflict
2025-02-10 11:10:00 ERROR: invalid BDR configuration
2025-02-10 11:10:05 INFO: Correcting BDR configuration
2025-02-10 11:15:00 ERROR: out of worker processes
2025-02-10 11:15:05 INFO: Increasing worker processes
2025-02-10 11:20:00 ERROR: could not create replication slot
2025-02-10 11:20:05 INFO: Adjusting replication slots
2025-02-10 11:25:00 ERROR: logical decoding error
2025-02-10 11:25:05 INFO: Correcting logical decoding settings
2025-02-10 11:30:00 ERROR: WAL sender/receiver timeout
2025-02-10 11:30:05 INFO: Adjusting WAL sender/receiver timeout settings
2025-02-10 11:35:00 INFO: BDR node synchronization complete
----------------------------------------
Issue: WAL sender/receiver timeout, Count: 4
